<?xml version="1.0" encoding="UTF-8"?>
<testng-results ignored="0" total="1" passed="1" failed="0" skipped="0">
  <reporter-output>
  </reporter-output>
  <suite started-at="2024-09-03T21:06:11 IST" name="Surefire suite" finished-at="2024-09-03T21:06:25 IST" duration-ms="13823">
    <groups>
    </groups>
    <test started-at="2024-09-03T21:06:11 IST" name="Surefire test" finished-at="2024-09-03T21:06:25 IST" duration-ms="13823">
      <class name="TestScripts.Comparison">
        <test-method signature="compareProds()[pri:0, instance:TestScripts.Comparison@4c40b76e]" started-at="2024-09-03T21:06:11 IST" name="compareProds" finished-at="2024-09-03T21:06:25 IST" duration-ms="13730" status="PASS">
          <reporter-output>
          </reporter-output>
        </test-method> <!-- compareProds -->
      </class> <!-- TestScripts.Comparison -->
    </test> <!-- Surefire test -->
  </suite> <!-- Surefire suite -->
</testng-results>
