<?xml version="1.0" encoding="UTF-8"?>
<testng-results ignored="0" total="1" passed="1" failed="0" skipped="0">
  <reporter-output>
  </reporter-output>
  <suite started-at="2024-09-03T10:38:43 IST" name="Default suite" finished-at="2024-09-03T10:39:06 IST" duration-ms="23233">
    <groups>
    </groups>
    <test started-at="2024-09-03T10:38:43 IST" name="Default test" finished-at="2024-09-03T10:39:06 IST" duration-ms="23233">
      <class name="TestScripts.Comparison">
        <test-method is-config="true" signature="setup()[pri:0, instance:TestScripts.Comparison@38c6f217]" started-at="2024-09-03T10:38:43 IST" name="setup" finished-at="2024-09-03T10:38:55 IST" duration-ms="12126" status="PASS">
          <reporter-output>
          </reporter-output>
        </test-method> <!-- setup -->
        <test-method signature="compareProds()[pri:0, instance:TestScripts.Comparison@38c6f217]" started-at="2024-09-03T10:38:55 IST" name="compareProds" finished-at="2024-09-03T10:39:06 IST" duration-ms="11027" status="PASS">
          <reporter-output>
          </reporter-output>
        </test-method> <!-- compareProds -->
      </class> <!-- TestScripts.Comparison -->
    </test> <!-- Default test -->
  </suite> <!-- Default suite -->
</testng-results>
